2025-04-14 07:34:21,429 - INFO - --- Starting Article Scraping ---
2025-04-14 07:34:21,431 - INFO - Found 156 links to process.
2025-04-14 07:34:21,431 - INFO - Processing 1/156: IndianExpress - editorial: https://indianexpress.com/article/opinion/editorials/express-view-on-new-delhi-cm-rekha-gupta-has-her-task-cut-out-9847415/
2025-04-14 07:34:22,278 - INFO - Successfully extracted 363 words.
2025-04-14 07:34:24,523 - INFO - Processing 2/156: IndianExpress - editorial: https://indianexpress.com/article/opinion/editorials/delhi-election-results-aam-aadmi-message-9825163/
2025-04-14 07:34:24,991 - INFO - Successfully extracted 414 words.
2025-04-14 07:34:26,633 - INFO - Processing 3/156: IndianExpress - editorial: https://indianexpress.com/article/opinion/editorials/express-view-on-assembly-poll-in-capital-the-idea-of-delhi-9819949/
2025-04-14 07:34:27,143 - INFO - Successfully extracted 457 words.
2025-04-14 07:34:28,258 - INFO - Processing 4/156: IndianExpress - editorial: https://indianexpress.com/article/opinion/editorials/express-view-on-india-and-trump-2-0-delhis-challenges-9792018/
2025-04-14 07:34:28,738 - INFO - Successfully extracted 273 words.
2025-04-14 07:34:30,617 - INFO - Processing 5/156: IndianExpress - editorial: https://indianexpress.com/article/opinion/editorials/express-view-on-india-bloc-a-crumbling-foretold-9772313/
2025-04-14 07:34:31,145 - INFO - Successfully extracted 399 words.
2025-04-14 07:34:33,599 - INFO - Processing 6/156: IndianExpress - editorial: https://indianexpress.com/article/opinion/editorials/express-view-on-delhi-elections-local-is-national-9767862/
2025-04-14 07:34:34,077 - INFO - Successfully extracted 384 words.
2025-04-14 07:34:36,361 - INFO - Processing 7/156: IndianExpress - column: https://indianexpress.com/article/opinion/columns/bjps-win-in-delhi-has-lessons-for-aap-9847455/
2025-04-14 07:34:36,771 - INFO - Successfully extracted 935 words.
2025-04-14 07:34:38,899 - INFO - Processing 8/156: IndianExpress - column: https://indianexpress.com/article/opinion/columns/from-freebies-to-empowerment-new-bjp-government-will-have-to-tackle-delhis-welfare-dilemma-9847413/
2025-04-14 07:34:39,393 - INFO - Successfully extracted 913 words.
2025-04-14 07:34:40,817 - INFO - Processing 9/156: IndianExpress - column: https://indianexpress.com/article/opinion/columns/rekha-gupta-bjp-choice-delhi-chief-minister-9845979/
2025-04-14 07:34:41,370 - INFO - Successfully extracted 729 words.
2025-04-14 07:34:43,236 - INFO - Processing 10/156: IndianExpress - column: https://indianexpress.com/article/opinion/columns/pratap-bhanu-mehta-writes-bjps-delhi-challenge-and-the-capitals-future-9845309/
2025-04-14 07:34:43,926 - INFO - Successfully extracted 1089 words.
2025-04-14 07:34:45,594 - INFO - Processing 11/156: IndianExpress - column: https://indianexpress.com/article/opinion/columns/after-delhi-election-lesson-all-parties-listen-to-ground-9844496/
2025-04-14 07:34:46,014 - INFO - Successfully extracted 863 words.
2025-04-14 07:34:47,090 - INFO - Processing 12/156: IndianExpress - column: https://indianexpress.com/article/opinion/columns/delhi-double-engine-sarkar-water-litmus-test-9851870/
2025-04-14 07:34:47,550 - INFO - Successfully extracted 844 words.
2025-04-14 07:34:49,029 - INFO - Processing 13/156: IndianExpress - column: https://indianexpress.com/article/opinion/columns/rekha-gupta-elevation-as-delhi-cm-larger-question-about-womens-space-in-politics-9850265/
2025-04-14 07:34:49,552 - INFO - Successfully extracted 811 words.
2025-04-14 07:34:51,317 - INFO - Processing 14/156: IndianExpress - column: https://indianexpress.com/article/opinion/columns/aap-delhi-sad-congress-punjab-9834636/
2025-04-14 07:34:51,771 - INFO - Successfully extracted 965 words.
2025-04-14 07:34:53,825 - INFO - Processing 15/156: IndianExpress - column: https://indianexpress.com/article/opinion/columns/bjp-delhi-aap-assembly-polls-9831404/
2025-04-14 07:34:54,265 - INFO - Successfully extracted 1022 words.
2025-04-14 07:34:56,385 - INFO - Processing 16/156: IndianExpress - column: https://indianexpress.com/article/opinion/columns/what-aap-didnt-get-delhi-looks-for-results-9827062/
2025-04-14 07:34:56,941 - INFO - Successfully extracted 1110 words.
2025-04-14 07:34:59,272 - INFO - Processing 17/156: IndianExpress - column: https://indianexpress.com/article/opinion/columns/aap-delhi-loss-governance-model-full-circle-9825281/
2025-04-14 07:34:59,792 - INFO - Successfully extracted 247 words.
2025-04-14 07:35:00,978 - INFO - Processing 18/156: IndianExpress - column: https://indianexpress.com/article/opinion/columns/assembly-elections-bjp-aap-2025-results-9825216/
2025-04-14 07:35:01,410 - INFO - Successfully extracted 980 words.
2025-04-14 07:35:03,043 - INFO - Processing 19/156: IndianExpress - column: https://indianexpress.com/article/opinion/columns/aap-electoral-calamity-delhi-bjp-reinvent-aam-aadmi-9825198/
2025-04-14 07:35:03,522 - INFO - Successfully extracted 1007 words.
2025-04-14 07:35:05,994 - INFO - Processing 20/156: IndianExpress - column: https://indianexpress.com/article/opinion/columns/why-delhi-rejected-aap-kejriwal-anarchy-9824982/
2025-04-14 07:35:06,502 - INFO - Successfully extracted 943 words.
2025-04-14 07:35:08,128 - INFO - Processing 21/156: IndianExpress - column: https://indianexpress.com/article/opinion/columns/delhi-aap-fall-bjp-return-9824912/
2025-04-14 07:35:08,594 - INFO - Successfully extracted 978 words.
2025-04-14 07:35:10,455 - INFO - Processing 22/156: IndianExpress - column: https://indianexpress.com/article/opinion/columns/inside-track-who-is-in-charge-9799348/
2025-04-14 07:35:10,948 - INFO - Successfully extracted 266 words.
2025-04-14 07:35:12,154 - INFO - Processing 23/156: TheHindu - editorial: https://www.thehindu.com/opinion/editorial/new-line-in-delhi-on-delhis-new-chief-minister/article69243291.ece
2025-04-14 07:35:12,553 - INFO - Successfully extracted 421 words.
2025-04-14 07:35:13,860 - INFO - Processing 24/156: TheHindu - editorial: https://www.thehindu.com/opinion/editorial/common-mans-revenge-on-the-delhi-assembly-election-result/article69199590.ece
2025-04-14 07:35:14,089 - INFO - Successfully extracted 406 words.
2025-04-14 07:35:15,591 - INFO - Processing 25/156: TheHindu - editorial: https://www.thehindu.com/opinion/editorial/power-and-prestige-on-the-delhi-assembly-elections-2025/article69180673.ece
2025-04-14 07:35:15,778 - INFO - Successfully extracted 449 words.
2025-04-14 07:35:16,913 - INFO - Processing 26/156: TheHindu - editorial: https://www.thehindu.com/opinion/editorial/competitive-populism-on-parties-and-the-delhi-assembly-elections/article69136403.ece
2025-04-14 07:35:17,115 - INFO - Successfully extracted 449 words.
2025-04-14 07:35:19,544 - INFO - Processing 27/156: TheHindu - editorial: https://www.thehindu.com/opinion/editorial/winter-contest-on-the-delhi-assembly-elections/article69081422.ece
2025-04-14 07:35:19,784 - INFO - Successfully extracted 434 words.
2025-04-14 07:35:21,630 - INFO - Processing 28/156: NewsLaundry - column: http://www.newslaundry.com/2025/02/20/eurekha-newspapers-scrutinise-bjps-surprise-choice-of-rekha-gupta-for-delhi-cm
2025-04-14 07:35:23,137 - INFO - Successfully extracted 194 words.
2025-04-14 07:35:25,230 - INFO - Processing 29/156: NewsLaundry - column: http://www.newslaundry.com/2025/02/10/common-mans-revenge-congress-played-spoilsport-editorials-unpick-aaps-big-loss-in-delhi
2025-04-14 07:35:25,702 - INFO - Successfully extracted 1042 words.
2025-04-14 07:35:27,909 - INFO - Processing 30/156: NewsLaundry - column: http://www.newslaundry.com/2025/02/08/reporters-without-orders-ep-357-how-bjp-planned-to-wrest-delhi-away-from-aap
2025-04-14 07:35:28,818 - INFO - Successfully extracted 86 words.
2025-04-14 07:35:30,605 - INFO - Processing 31/156: NewsLaundry - column: http://www.newslaundry.com/2025/02/08/targeted-campaigns-special-wings-lg-factor-five-ways-the-bjp-scripted-its-success-in-delhi
2025-04-14 07:35:31,768 - INFO - Successfully extracted 1014 words.
2025-04-14 07:35:33,616 - INFO - Processing 32/156: NewsLaundry - column: http://www.newslaundry.com/2025/02/08/why-did-arvind-kejriwal-lose-his-assembly-seat-heres-all-the-reasons-why
2025-04-14 07:35:34,627 - INFO - Successfully extracted 1432 words.
2025-04-14 07:35:36,174 - INFO - Processing 33/156: NewsLaundry - column: http://www.newslaundry.com/2025/02/08/results-with-newslaundry-decoding-the-2025-delhi-mandate
2025-04-14 07:35:36,967 - INFO - Successfully extracted 122 words.
2025-04-14 07:35:39,424 - INFO - Processing 34/156: NewsLaundry - column: http://www.newslaundry.com/2025/02/07/behind-the-mystery-pollsters-offering-predictions-through-exit-polls
2025-04-14 07:35:40,254 - INFO - Successfully extracted 266 words.
2025-04-14 07:35:42,136 - INFO - Processing 35/156: NewsLaundry - column: http://www.newslaundry.com/2025/02/06/delhi-exit-polls-axis-my-india-todays-chanakya-join-the-chorus-to-predict-bjp-comeback
2025-04-14 07:35:42,877 - INFO - Successfully extracted 203 words.
2025-04-14 07:35:44,212 - INFO - Processing 36/156: NewsLaundry - column: http://www.newslaundry.com/2025/02/05/delhi-2024-exit-polls-give-bjp-an-easy-victory-ahead-of-results-day
2025-04-14 07:35:45,412 - INFO - Successfully extracted 612 words.
2025-04-14 07:35:46,638 - INFO - Processing 37/156: NewsLaundry - column: http://www.newslaundry.com/2025/02/03/another-election-show-can-new-parties-and-candidates-make-any-difference
2025-04-14 07:35:47,895 - INFO - Successfully extracted 113 words.
2025-04-14 07:35:49,385 - INFO - Processing 38/156: NewsLaundry - column: http://www.newslaundry.com/2025/02/01/ahead-of-delhi-polls-troubled-waters-of-yamuna-at-the-centre-of-political-slugfest
2025-04-14 07:35:50,164 - INFO - Successfully extracted 147 words.
2025-04-14 07:35:51,959 - INFO - Processing 39/156: NewsLaundry - column: http://www.newslaundry.com/2025/02/01/another-election-show-can-modi-magic-work-in-delhi
2025-04-14 07:35:52,619 - INFO - Successfully extracted 199 words.
2025-04-14 07:35:55,061 - INFO - Processing 40/156: NewsLaundry - column: http://www.newslaundry.com/2025/01/31/hate-speech-and-accusations-of-bribing-voters-parvesh-verma-takes-on-kejriwal-in-new-delhi-battle
2025-04-14 07:35:55,611 - INFO - Successfully extracted 238 words.
2025-04-14 07:35:57,277 - INFO - Processing 41/156: NewsLaundry - column: http://www.newslaundry.com/2025/01/31/manifestoes-on-air-pollution-aap-silent-bjp-vows-50-drop-cong-offers-little
2025-04-14 07:35:58,750 - INFO - Successfully extracted 294 words.
2025-04-14 07:36:00,041 - INFO - Processing 42/156: NewsLaundry - column: http://www.newslaundry.com/2025/01/31/what-choice-do-we-have-anger-and-apathy-in-delhi-seats-with-decisive-sikh-vote
2025-04-14 07:36:01,618 - INFO - Successfully extracted 462 words.
2025-04-14 07:36:03,186 - INFO - Processing 43/156: NewsLaundry - column: http://www.newslaundry.com/2025/01/25/delhi-cm-atishi-on-unkept-jobs-promise-aaps-soft-hindutva-kejriwals-future
2025-04-14 07:36:04,381 - INFO - Successfully extracted 357 words.
2025-04-14 07:36:05,654 - INFO - Processing 44/156: NewsLaundry - column: http://www.newslaundry.com/2025/01/22/final-voter-list-in-kejriwals-constituency-out-how-many-were-added-or-deleted
2025-04-14 07:36:06,848 - INFO - Successfully extracted 440 words.
2025-04-14 07:36:08,815 - INFO - Processing 45/156: NewsLaundry - column: http://www.newslaundry.com/2025/01/21/inside-the-delhi-assembly-which-has-never-voted-for-aap
2025-04-14 07:36:10,000 - INFO - Successfully extracted 64 words.
2025-04-14 07:36:12,282 - INFO - Processing 46/156: NDTV - column: https://www.ndtv.com/opinion/bjps-choice-for-delhi-cm-rekha-gupta-follows-script-refined-over-10-years-7754573
2025-04-14 07:36:13,674 - INFO - Successfully extracted 667 words.
2025-04-14 07:36:16,091 - INFO - Processing 47/156: NDTV - column: https://www.ndtv.com/opinion/delhi-elections-delhi-yeh-dilli-maange-more-7687273
2025-04-14 07:36:17,136 - INFO - Successfully extracted 979 words.
2025-04-14 07:36:19,080 - INFO - Processing 48/156: NDTV - column: https://www.ndtv.com/opinion/with-delhi-congress-sends-a-strong-message-to-allies-7683510
2025-04-14 07:36:20,424 - INFO - Successfully extracted 950 words.
2025-04-14 07:36:22,412 - INFO - Processing 49/156: NDTV - column: https://www.ndtv.com/opinion/how-the-middle-class-turned-delhis-fate-7678035
2025-04-14 07:36:24,191 - INFO - Successfully extracted 1018 words.
2025-04-14 07:36:25,416 - INFO - Processing 50/156: NDTV - column: https://www.ndtv.com/opinion/delhi-elections-how-bjp-turned-its-weakness-into-an-advantage-7665258
2025-04-14 07:36:27,077 - INFO - Successfully extracted 640 words.
2025-04-14 07:36:29,138 - INFO - Processing 51/156: NDTV - column: https://www.ndtv.com/opinion/delhi-polls-and-aap-rout-is-this-a-setback-or-a-wipeout-only-kejriwal-can-decide-7663263
2025-04-14 07:36:30,486 - INFO - Successfully extracted 1016 words.
2025-04-14 07:36:32,272 - INFO - Processing 52/156: NDTV - column: https://www.ndtv.com/opinion/aap-vs-bjp-in-delhi-why-its-raining-manifestos-7550072
2025-04-14 07:36:33,218 - INFO - Successfully extracted 1162 words.
2025-04-14 07:36:34,392 - INFO - Processing 53/156: NDTV - column: https://www.ndtv.com/opinion/aap-vs-bjp-who-will-charm-delhis-middle-class-7540350
2025-04-14 07:36:35,482 - INFO - Successfully extracted 818 words.
2025-04-14 07:36:37,971 - INFO - Processing 54/156: NDTV - column: https://www.ndtv.com/opinion/why-does-the-bjp-need-congresss-help-in-delhi-7496046
2025-04-14 07:36:39,013 - INFO - Successfully extracted 1098 words.
2025-04-14 07:36:40,694 - INFO - Processing 55/156: NDTV - column: https://www.ndtv.com/opinion/delhi-elections-bjp-still-hasnt-found-an-answer-to-kejriwal-7478022
2025-04-14 07:36:41,612 - INFO - Successfully extracted 1119 words.
2025-04-14 07:36:43,877 - INFO - Processing 56/156: NDTV - column: https://www.ndtv.com/opinion/opinion-will-delhi-spring-a-surprise-for-bjp-this-year-7418673
2025-04-14 07:36:44,852 - INFO - Successfully extracted 485 words.
2025-04-14 07:36:46,160 - INFO - Processing 57/156: TheWire - column: https://thewire.in/politics/delhi-bjp-victory-scripted-power-grab-strategy
2025-04-14 07:36:56,325 - ERROR - Newspaper3k error extracting article https://thewire.in/politics/delhi-bjp-victory-scripted-power-grab-strategy: Article `download()` failed with ('Connection aborted.', ConnectionResetError(10054, 'An existing connection was forcibly closed by the remote host', None, 10054, None)) on URL https://thewire.in/politics/delhi-bjp-victory-scripted-power-grab-strategy
2025-04-14 07:36:58,206 - INFO - Processing 58/156: TheWire - column: https://thewire.in/politics/aap-and-why-the-delhi-assembly-polls-were-a-natural-fallout
2025-04-14 07:37:08,308 - ERROR - Newspaper3k error extracting article https://thewire.in/politics/aap-and-why-the-delhi-assembly-polls-were-a-natural-fallout: Article `download()` failed with ('Connection aborted.', ConnectionResetError(10054, 'An existing connection was forcibly closed by the remote host', None, 10054, None)) on URL https://thewire.in/politics/aap-and-why-the-delhi-assembly-polls-were-a-natural-fallout
2025-04-14 07:37:10,094 - INFO - Processing 59/156: TheWire - column: https://thewire.in/politics/in-aaps-provenance-lies-the-reason-for-its-defeat
2025-04-14 07:37:20,184 - ERROR - Newspaper3k error extracting article https://thewire.in/politics/in-aaps-provenance-lies-the-reason-for-its-defeat: Article `download()` failed with ('Connection aborted.', ConnectionResetError(10054, 'An existing connection was forcibly closed by the remote host', None, 10054, None)) on URL https://thewire.in/politics/in-aaps-provenance-lies-the-reason-for-its-defeat
2025-04-14 07:37:21,924 - INFO - Processing 60/156: TheWire - column: https://thewire.in/politics/kejriwal-rode-the-anti-corruption-wave-now-it-has-washed-him-away
2025-04-14 07:37:32,062 - ERROR - Newspaper3k error extracting article https://thewire.in/politics/kejriwal-rode-the-anti-corruption-wave-now-it-has-washed-him-away: Article `download()` failed with ('Connection aborted.', ConnectionResetError(10054, 'An existing connection was forcibly closed by the remote host', None, 10054, None)) on URL https://thewire.in/politics/kejriwal-rode-the-anti-corruption-wave-now-it-has-washed-him-away
2025-04-14 07:37:34,416 - INFO - Processing 61/156: TheWire - column: https://thewire.in/politics/bjp-aap-delhi-assembly-election-modi
2025-04-14 07:37:44,451 - ERROR - Newspaper3k error extracting article https://thewire.in/politics/bjp-aap-delhi-assembly-election-modi: Article `download()` failed with ('Connection aborted.', ConnectionResetError(10054, 'An existing connection was forcibly closed by the remote host', None, 10054, None)) on URL https://thewire.in/politics/bjp-aap-delhi-assembly-election-modi
2025-04-14 07:37:46,768 - INFO - Processing 62/156: OpIndia - column: https://www.opindia.com/2025/02/everything-that-is-wrong-with-this-indian-express-article-on-maha-kumbh-by-du-professor-savita-jha/
2025-04-14 07:37:47,141 - ERROR - Newspaper3k error extracting article https://www.opindia.com/2025/02/everything-that-is-wrong-with-this-indian-express-article-on-maha-kumbh-by-du-professor-savita-jha/: Article `download()` failed with 403 Client Error: Forbidden for url: https://www.opindia.com/2025/02/everything-that-is-wrong-with-this-indian-express-article-on-maha-kumbh-by-du-professor-savita-jha/ on URL https://www.opindia.com/2025/02/everything-that-is-wrong-with-this-indian-express-article-on-maha-kumbh-by-du-professor-savita-jha/
2025-04-14 07:37:49,541 - INFO - Processing 63/156: OpIndia - column: https://www.opindia.com/2025/02/aam-aadmi-party-future-in-doubt-after-delhi-loss-is-punjab-at-risk/
2025-04-14 07:37:49,602 - ERROR - Newspaper3k error extracting article https://www.opindia.com/2025/02/aam-aadmi-party-future-in-doubt-after-delhi-loss-is-punjab-at-risk/: Article `download()` failed with 403 Client Error: Forbidden for url: https://www.opindia.com/2025/02/aam-aadmi-party-future-in-doubt-after-delhi-loss-is-punjab-at-risk/ on URL https://www.opindia.com/2025/02/aam-aadmi-party-future-in-doubt-after-delhi-loss-is-punjab-at-risk/
2025-04-14 07:37:51,678 - INFO - Processing 64/156: Republic - column: https://www.republicworld.com/opinion/rekha-gupta-as-delhi-cm-pm-modis-masterstroke
2025-04-14 07:37:52,200 - INFO - Successfully extracted 857 words.
2025-04-14 07:37:53,329 - INFO - Processing 65/156: Republic - column: https://www.republicworld.com/opinion/why-bjp-picked-rekha-gupta-as-the-delhi-chief-minister
2025-04-14 07:37:53,583 - INFO - Successfully extracted 410 words.
2025-04-14 07:37:55,346 - INFO - Processing 66/156: AajTak - column: https://www.aajtak.in/opinion-analysis-/story/atishi-is-more-perfect-in-the-role-of-opposition-leader-will-become-a-threat-to-arvind-kejriwal-opns2-dskc-2176637-2025-02-26
2025-04-14 07:37:56,443 - INFO - Successfully extracted 1366 words.
2025-04-14 07:37:57,812 - INFO - Processing 67/156: AajTak - column: https://www.aajtak.in/opinion-analysis-/story/cm-rekha-gupta-ambedkar-and-bhagat-singh-photo-controversy-in-delhi-cm-office-dskc-2176394-2025-02-26
2025-04-14 07:37:58,220 - INFO - Successfully extracted 1351 words.
2025-04-14 07:38:00,326 - INFO - Processing 68/156: AajTak - column: https://www.aajtak.in/opinion-analysis-/story/atishi-acting-on-new-role-of-leader-of-opposition-face-to-face-with-ruling-bjp-opnm1-dskc-2174712-2025-02-24
2025-04-14 07:38:00,730 - INFO - Successfully extracted 1003 words.
2025-04-14 07:38:02,415 - INFO - Processing 69/156: AajTak - column: https://www.aajtak.in/opinion-analysis-/story/how-challenging-will-be-targeting-new-delhi-cm-rekha-gupta-for-arvind-kejriwal-and-congress-opnm1-dskc-2171678-2025-02-20
2025-04-14 07:38:02,803 - INFO - Successfully extracted 908 words.
2025-04-14 07:38:05,091 - INFO - Processing 70/156: AajTak - column: https://www.aajtak.in/opinion-analysis-/story/rekha-gupta-beats-all-cm-contenders-in-bjp-as-leadership-approves-a-woman-name-for-delhi-opnm1-dskc-2171508-2025-02-20
2025-04-14 07:38:05,661 - INFO - Successfully extracted 911 words.
2025-04-14 07:38:07,939 - INFO - Processing 71/156: AajTak - column: https://www.aajtak.in/opinion-analysis-/story/delhi-cm-kejriwal-aatishi-woman-first-cm-worker-bjp-hit-many-targets-with-one-arrow-of-rekha-gupta-ntc-dskc-2171269-2025-02-19
2025-04-14 07:38:08,372 - INFO - Successfully extracted 1056 words.
2025-04-14 07:38:09,875 - INFO - Processing 72/156: AajTak - column: https://www.aajtak.in/opinion-analysis-/story/5-major-challenges-in-front-of-new-delhi-chief-minister-to-be-decided-by-bjp-soon-opns2-dskc-2170954-2025-02-19
2025-04-14 07:38:10,367 - INFO - Successfully extracted 963 words.
2025-04-14 07:38:12,248 - INFO - Processing 73/156: AajTak - column: https://www.aajtak.in/opinion-analysis-/story/bjp-delhi-cm-will-have-performance-and-leave-kejriwal-far-behind-at-any-cost-opnm1-dskc-2169248-2025-02-17
2025-04-14 07:38:12,760 - INFO - Successfully extracted 989 words.
2025-04-14 07:38:14,905 - INFO - Processing 74/156: AajTak - column: https://www.aajtak.in/opinion-analysis-/story/who-will-become-delhi-cm-how-far-ahead-are-pravesh-verma-ashish-sood-and-rekha-gupta-in-the-race-opns2-dskc-2166952-2025-02-14
2025-04-14 07:38:15,506 - INFO - Successfully extracted 1253 words.
2025-04-14 07:38:17,780 - INFO - Processing 75/156: AajTak - column: https://www.aajtak.in/opinion-analysis-/story/will-tejashwi-yadav-and-rahul-gandhi-take-lessons-from-delhi-assembly-elections-and-bjp-jdu-combined-opns2-dskc-2165444-2025-02-12
2025-04-14 07:38:18,382 - INFO - Successfully extracted 1232 words.
2025-04-14 07:38:20,387 - INFO - Processing 76/156: AajTak - column: https://www.aajtak.in/opinion-analysis-/story/mamata-banerjee-on-bjp-target-number-1-after-defeating-arvind-kejriwal-in-delhi-election-opnm1-dskc-2165094-2025-02-12
2025-04-14 07:38:21,106 - INFO - Successfully extracted 947 words.
2025-04-14 07:38:23,282 - INFO - Processing 77/156: AajTak - column: https://www.aajtak.in/opinion-analysis-/story/arvind-kejriwal-can-learn-from-mistakes-and-bounce-back-delhi-election-defeat-can-not-finish-party-or-politics-opnm1-dskc-2164396-2025-02-11
2025-04-14 07:38:23,848 - INFO - Successfully extracted 983 words.
2025-04-14 07:38:26,161 - INFO - Processing 78/156: AajTak - column: https://www.aajtak.in/opinion-analysis-/story/who-will-become-new-delhi-cm-fulfilling-these-4-criteria-of-bjp-opns2-dskc-2163525-2025-02-10
2025-04-14 07:38:26,618 - INFO - Successfully extracted 953 words.
2025-04-14 07:38:27,986 - INFO - Processing 79/156: AajTak - column: https://www.aajtak.in/opinion-analysis-/story/kejriwal-politics-succumbs-to-self-styled-honesty-claims-against-delhi-excise-policy-corruption-case-opnm1-dskc-2163236-2025-02-10
2025-04-14 07:38:28,606 - INFO - Successfully extracted 1168 words.
2025-04-14 07:38:30,314 - INFO - Processing 80/156: AajTak - column: https://www.aajtak.in/opinion-analysis-/story/reasons-why-arvind-kejriwal-lost-new-delhi-seats-in-delhi-chunav-parinam-2025-live-opns2-dskc-2161993-2025-02-08
2025-04-14 07:38:30,865 - INFO - Successfully extracted 892 words.
2025-04-14 07:38:32,259 - INFO - Processing 81/156: AajTak - column: https://www.aajtak.in/opinion-analysis-/story/who-will-be-new-delhi-chief-minister-by-bjp-after-delhi-election-results-2025-opns2-dskc-2161884-2025-02-08
2025-04-14 07:38:32,909 - INFO - Successfully extracted 1010 words.
2025-04-14 07:38:34,040 - INFO - Processing 82/156: AajTak - column: https://www.aajtak.in/opinion-analysis-/story/arvind-kejariwal-delhi-election-aam-admi-party-reasons-for-the-defeat-of-kejriwal-and-aap-ntcpvp-dskc-2161881-2025-02-08
2025-04-14 07:38:34,566 - INFO - Successfully extracted 1727 words.
2025-04-14 07:38:36,276 - INFO - Processing 83/156: AajTak - column: https://www.aajtak.in/opinion-analysis-/story/why-aam-aadmi-party-defeated-in-delhi-election-results-2025-here-are-6-reasons-that-kejriwal-is-aware-of-opns2-dskc-2161776-2025-02-08
2025-04-14 07:38:36,818 - INFO - Successfully extracted 980 words.
2025-04-14 07:38:38,266 - INFO - Processing 84/156: AajTak - column: https://www.aajtak.in/opinion-analysis-/story/kejriwal-claims-bjp-tried-to-buy-16-aap-candidates-without-proof-aap-has-list-of-allegations-made-during-delhi-elections-opns2-dskc-2160949-2025-02-07
2025-04-14 07:38:38,856 - INFO - Successfully extracted 1169 words.
2025-04-14 07:38:40,399 - INFO - Processing 85/156: AajTak - column: https://www.aajtak.in/opinion-analysis-/story/bjp-can-elect-new-delhi-cm-on-these-3-formulas-if-it-wins-delhi-assembly-elections-opns2-dskc-2160543-2025-02-06
2025-04-14 07:38:40,897 - INFO - Successfully extracted 776 words.
2025-04-14 07:38:42,004 - INFO - Processing 86/156: AajTak - column: https://www.aajtak.in/opinion-analysis-/story/if-aam-aadmi-party-loses-delhi-elections-like-exit-poll-indicating-will-impact-punjab-politics-too-opns2-dskc-2160386-2025-02-06
2025-04-14 07:38:42,592 - INFO - Successfully extracted 920 words.
2025-04-14 07:38:43,605 - INFO - Processing 87/156: AajTak - column: https://www.aajtak.in/opinion-analysis-/story/how-bjp-neutralised-arvind-kejriwal-agendas-in-delhi-assembly-election-opns2-dskc-2159634-2025-02-05
2025-04-14 07:38:44,077 - INFO - Successfully extracted 926 words.
2025-04-14 07:38:46,072 - INFO - Processing 88/156: AajTak - column: https://www.aajtak.in/opinion-analysis-/story/pm-narendra-modi-attack-on-arvind-kejriwal-in-lok-sabha-will-benefit-bjp-or-not-in-delhi-election-opnm1-dskc-2159374-2025-02-05
2025-04-14 07:38:46,553 - INFO - Successfully extracted 1073 words.
2025-04-14 07:38:48,793 - INFO - Processing 89/156: AajTak - column: https://www.aajtak.in/opinion-analysis-/story/latest-c-voter-survey-after-union-budget-reveals-that-near-certain-victory-for-aap-is-becoming-a-knife-edge-contest-ntcpan-rpti-2158575-2025-02-04
2025-04-14 07:38:49,381 - INFO - Successfully extracted 1490 words.
2025-04-14 07:38:51,845 - INFO - Processing 90/156: AajTak - column: https://www.aajtak.in/opinion-analysis-/story/kejriwal-trapped-on-dalit-muslim-seats-in-delhi-elections-after-congress-and-aap-face-off-opns2-dskc-2158423-2025-02-04
2025-04-14 07:38:52,350 - INFO - Successfully extracted 1159 words.
2025-04-14 07:38:53,924 - INFO - Processing 91/156: AajTak - column: https://www.aajtak.in/opinion-analysis-/story/arvind-kejriwal-claim-of-winning-55-seats-in-delhi-election-has-some-ground-or-not-opnm1-dskc-2158410-2025-02-04
2025-04-14 07:38:54,829 - INFO - Successfully extracted 913 words.
2025-04-14 07:38:57,086 - INFO - Processing 92/156: AajTak - column: https://www.aajtak.in/opinion-analysis-/story/will-bjp-get-an-edge-in-delhi-elections-due-to-increase-in-income-tax-slabs-in-union-budget-2025-opns2-dskc-2158014-2025-02-03
2025-04-14 07:38:57,987 - INFO - Successfully extracted 838 words.
2025-04-14 07:38:59,841 - INFO - Processing 93/156: AajTak - column: https://www.aajtak.in/opinion-analysis-/story/pm-modi-offers-delhi-voter-guarantee-over-kejriwal-delhi-government-free-schemes-opnm1-dskc-2157734-2025-02-03
2025-04-14 07:39:00,371 - INFO - Successfully extracted 960 words.
2025-04-14 07:39:02,372 - INFO - Processing 94/156: AajTak - column: https://www.aajtak.in/opinion-analysis-/story/is-kejriwal-trapped-on-yamuna-clean-water-issue-in-delhi-elections-after-bjp-and-rahul-gandhi-attack-opns2-dskc-2157737-2025-02-03
2025-04-14 07:39:02,978 - INFO - Successfully extracted 1252 words.
2025-04-14 07:39:04,987 - INFO - Processing 95/156: AajTak - column: https://www.aajtak.in/opinion-analysis-/story/new-delhi-seat-arvind-kejriwal-strategy-ruined-by-increasing-income-tax-exemption-opns2-dskc-2156622-2025-02-01
2025-04-14 07:39:05,396 - INFO - Successfully extracted 885 words.
2025-04-14 07:39:06,549 - INFO - Processing 96/156: AajTak - column: https://www.aajtak.in/opinion-analysis-/story/why-has-arvind-kejriwal-become-worse-than-pm-narendra-modi-for-rahul-gandhi-during-delhi-elections-opns2-dskc-2155819-2025-01-31
2025-04-14 07:39:07,130 - INFO - Successfully extracted 849 words.
2025-04-14 07:39:09,207 - INFO - Processing 97/156: AajTak - column: https://www.aajtak.in/opinion-analysis-/story/swati-maliwal-fight-aginst-arvind-kejriwal-and-aap-in-delhi-election-is-this-a-revenge-or-bjp-plan-opnm1-dskc-2155715-2025-01-31
2025-04-14 07:39:09,684 - INFO - Successfully extracted 901 words.
2025-04-14 07:39:11,959 - INFO - Processing 98/156: AajTak - column: https://www.aajtak.in/opinion-analysis-/story/why-congress-promising-caste-census-in-delhi-assembly-elections-here-are-the-reasons-opns2-dskc-2155296-2025-01-30
2025-04-14 07:39:12,419 - INFO - Successfully extracted 742 words.
2025-04-14 07:39:13,548 - INFO - Processing 99/156: AajTak - column: https://www.aajtak.in/opinion-analysis-/story/dalits-voting-kejriwal-showing-interest-in-congress-and-bjp-in-delhi-election-2025-opnm1-dskc-2154341-2025-01-30
2025-04-14 07:39:14,009 - INFO - Successfully extracted 808 words.
2025-04-14 07:39:16,003 - INFO - Processing 100/156: AajTak - column: https://www.aajtak.in/opinion-analysis-/story/why-rahul-gandhi-come-out-against-arvind-kejriwal-here-is-the-strategy-of-congress-opns2-dskc-2154368-2025-01-29
2025-04-14 07:39:16,600 - INFO - Successfully extracted 1190 words.
2025-04-14 07:39:18,678 - INFO - Processing 101/156: AajTak - column: https://www.aajtak.in/opinion-analysis-/story/arvind-kejriwal-trying-to-woo-voters-in-delhi-election-emotionally-through-his-interviews-and-speeches-opnm1-dskc-2149446-2025-01-28
2025-04-14 07:39:19,178 - INFO - Successfully extracted 937 words.
2025-04-14 07:39:20,923 - INFO - Processing 102/156: AajTak - column: https://www.aajtak.in/opinion-analysis-/story/arvind-kejriwal-fearing-drop-in-number-of-aap-seats-in-delhi-elections-why-opnm1-dskc-2150407-2025-01-28
2025-04-14 07:39:21,358 - INFO - Successfully extracted 999 words.
2025-04-14 07:39:23,397 - INFO - Processing 103/156: AajTak - column: https://www.aajtak.in/opinion-analysis-/story/arvind-kejriwal-issues-15-guarantees-accepts-he-failed-to-fulfill-3-poll-promises-from-2020-manifesto-opnm1-dskc-2152414-2025-01-27
2025-04-14 07:39:23,907 - INFO - Successfully extracted 1282 words.
2025-04-14 07:39:26,384 - INFO - Processing 104/156: AajTak - column: https://www.aajtak.in/opinion-analysis-/story/pm-modi-and-congress-targets-arvind-kejriwal-for-alleged-corruption-by-aap-government-opnm1-dskc-2149229-2025-01-23
2025-04-14 07:39:26,785 - INFO - Successfully extracted 984 words.
2025-04-14 07:39:27,866 - INFO - Processing 105/156: AajTak - column: https://www.aajtak.in/opinion-analysis-/story/kejriwal-middle-class-menifesto-how-effective-is-aap-master-stroke-in-delhi-assembly-elections-opns2-dskc-2148677-2025-01-22
2025-04-14 07:39:28,420 - INFO - Successfully extracted 1024 words.
2025-04-14 07:39:30,063 - INFO - Processing 106/156: AajTak - column: https://www.aajtak.in/opinion-analysis-/story/arvind-kejriwal-defeat-or-victory-in-delhi-assembly-elections-is-sure-to-stir-the-indian-politics-opns2-dskc-2147994-2025-01-21
2025-04-14 07:39:30,480 - INFO - Successfully extracted 1169 words.
2025-04-14 07:39:32,475 - INFO - Processing 107/156: AajTak - column: https://www.aajtak.in/opinion-analysis-/story/arvind-kejriwal-faces-new-allegations-of-corruption-from-bjp-after-declaration-affidavit-opnm1-dskc-2145542-2025-01-17
2025-04-14 07:39:32,889 - INFO - Successfully extracted 771 words.
2025-04-14 07:39:34,878 - INFO - Processing 108/156: AajTak - column: https://www.aajtak.in/opinion-analysis-/story/bjp-promises-delhi-many-freebies-except-revdis-like-electricity-water-education-opnm1-dskc-2145640-2025-01-17
2025-04-14 07:39:35,295 - INFO - Successfully extracted 705 words.
2025-04-14 07:39:36,421 - INFO - Processing 109/156: AajTak - column: https://www.aajtak.in/opinion-analysis-/story/arvind-kejriwal-plan-to-distance-himself-from-rahul-gandhi-seems-to-be-failing-in-delhi-elections-opns2-dskc-2143707-2025-01-15
2025-04-14 07:39:36,907 - INFO - Successfully extracted 1148 words.
2025-04-14 07:39:38,823 - INFO - Processing 110/156: AajTak - column: https://www.aajtak.in/opinion-analysis-/story/arvind-kejriwal-cannot-become-cm-again-bjp-pravesh-verma-mentioning-supreme-court-bail-conditions-opns2-dskc-2142374-2025-01-13
2025-04-14 07:39:39,194 - INFO - Successfully extracted 880 words.
2025-04-14 07:39:41,441 - INFO - Processing 111/156: AajTak - column: https://www.aajtak.in/opinion-analysis-/story/arvind-kejriwal-raising-demand-for-jat-reservation-will-cost-heavy-in-delhi-assembly-elections-opns2-dskc-2139939-2025-01-09
2025-04-14 07:39:41,944 - INFO - Successfully extracted 857 words.
2025-04-14 07:39:43,842 - INFO - Processing 112/156: AajTak - column: https://www.aajtak.in/opinion-analysis-/story/has-congress-surrendered-to-aam-aadmi-party-in-delhi-assembly-election-opns2-dskc-2139523-2025-01-09
2025-04-14 07:39:44,351 - INFO - Successfully extracted 1007 words.
2025-04-14 07:39:45,603 - INFO - Processing 113/156: AajTak - column: https://www.aajtak.in/opinion-analysis-/story/arvind-kejriwal-performance-in-delhi-election-will-affect-bjp-and-congress-equally-opnm1-dskc-2139525-2025-01-09
2025-04-14 07:39:46,095 - INFO - Successfully extracted 833 words.
2025-04-14 07:39:47,300 - INFO - Processing 114/156: AajTak - column: https://www.aajtak.in/opinion-analysis-/story/delhi-assembly-election-displays-interesting-political-equations-of-india-bloc-opnm1-dskc-2138974-2025-01-08
2025-04-14 07:39:47,719 - INFO - Successfully extracted 727 words.
2025-04-14 07:39:49,799 - INFO - Processing 115/156: AajTak - column: https://www.aajtak.in/opinion-analysis-/story/arvind-kejriwal-made-a-blunder-by-not-forming-an-alliance-with-congress-in-the-delhi-assembly-elections-opns2-dskc-2138804-2025-01-08
2025-04-14 07:39:50,326 - INFO - Successfully extracted 993 words.
2025-04-14 07:39:51,349 - INFO - Processing 116/156: AajTak - column: https://www.aajtak.in/opinion-analysis-/story/chief-election-commissioner-clarification-on-election-commission-voter-deletion-evm-hacking-voter-turnout-opns2-dskc-2138190-2025-01-07
2025-04-14 07:39:51,843 - INFO - Successfully extracted 1542 words.
2025-04-14 07:39:53,301 - INFO - Processing 117/156: AajTak - column: https://www.aajtak.in/opinion-analysis-/story/kejriwal-faces-parvesh-verma-and-sandeep-dikshit-on-new-delhi-assembly-seat-election-opnm1-dskc-2137987-2025-01-07
2025-04-14 07:39:53,696 - INFO - Successfully extracted 917 words.
2025-04-14 07:39:54,988 - INFO - Processing 118/156: AajTak - column: https://www.aajtak.in/opinion-analysis-/story/bjp-has-surrounded-aam-aadmi-party-and-kejriwal-in-delhi-assembly-elections-opns2-dskc-2137283-2025-01-06
2025-04-14 07:39:55,439 - INFO - Successfully extracted 1398 words.
2025-04-14 07:39:56,970 - INFO - Processing 119/156: TimesOfIndia - column: https://timesofindia.indiatimes.com/blogs/toi-edit-page/servant-leadership-true-power-lies-in-empathy/
2025-04-14 07:39:59,021 - INFO - Successfully extracted 488 words.
2025-04-14 07:40:00,148 - INFO - Processing 120/156: TimesOfIndia - column: https://timesofindia.indiatimes.com/blogs/toi-editorials/start-small-in-capital/
2025-04-14 07:40:02,134 - INFO - Successfully extracted 460 words.
2025-04-14 07:40:03,273 - INFO - Processing 121/156: TimesOfIndia - column: https://timesofindia.indiatimes.com/blogs/toi-edit-page/the-very-pragmatic-middle-class-poor/
2025-04-14 07:40:04,985 - INFO - Successfully extracted 159 words.
2025-04-14 07:40:06,686 - INFO - Processing 122/156: TimesOfIndia - column: https://timesofindia.indiatimes.com/blogs/toi-edit-page/why-power-makes-aam-aadmi-khaas/
2025-04-14 07:40:08,417 - INFO - Successfully extracted 83 words.
2025-04-14 07:40:09,639 - INFO - Processing 123/156: TimesOfIndia - column: https://timesofindia.indiatimes.com/blogs/toi-editorials/lesson-no-1/
2025-04-14 07:40:11,396 - INFO - Successfully extracted 395 words.
2025-04-14 07:40:13,100 - INFO - Processing 124/156: TimesOfIndia - column: https://timesofindia.indiatimes.com/blogs/toi-edit-page/what-delhi-said-and-what-delhi-wants/
2025-04-14 07:40:14,687 - INFO - Successfully extracted 530 words.
2025-04-14 07:40:15,766 - INFO - Processing 125/156: TimesOfIndia - column: https://timesofindia.indiatimes.com/blogs/toi-edit-page/as-kejriwals-delhi-model-loses-aapeal-two-key-questions-for-national-politics/
2025-04-14 07:40:17,565 - INFO - Successfully extracted 876 words.
2025-04-14 07:40:19,275 - INFO - Processing 126/156: TimesOfIndia - column: https://timesofindia.indiatimes.com/blogs/toi-edit-page/the-battle-for-the-capital/
2025-04-14 07:40:21,443 - INFO - Successfully extracted 129 words.
2025-04-14 07:40:22,916 - INFO - Processing 127/156: TimesOfIndia - column: https://timesofindia.indiatimes.com/blogs/toi-editorials/water-and-voter/
2025-04-14 07:40:24,511 - INFO - Successfully extracted 360 words.
2025-04-14 07:40:26,260 - INFO - Processing 128/156: HindusanTimes - column: https://www.hindustantimes.com/opinion/bjps-ncr-moment-show-intent-to-address-pollution-101739806527202.html
2025-04-14 07:40:27,082 - INFO - Successfully extracted 770 words.
2025-04-14 07:40:29,044 - INFO - Processing 129/156: HindusanTimes - column: https://www.hindustantimes.com/opinion/keeping-up-with-up-lessons-from-delhi-victory-for-uttar-pradesh-and-the-country-101739284438785.html
2025-04-14 07:40:29,740 - INFO - Successfully extracted 883 words.
2025-04-14 07:40:31,681 - INFO - Processing 130/156: HindusanTimes - column: https://www.hindustantimes.com/opinion/delhi-results-are-likely-to-weaken-india-bloc-101739111725216.html
2025-04-14 07:40:32,236 - INFO - Successfully extracted 794 words.
2025-04-14 07:40:33,706 - INFO - Processing 131/156: HindusanTimes - column: https://www.hindustantimes.com/opinion/delhi-debacle-tells-a-tale-of-kejriwal-s-fall-101739111548611.html
2025-04-14 07:40:34,330 - INFO - Successfully extracted 1021 words.
2025-04-14 07:40:35,560 - INFO - Processing 132/156: HindusanTimes - column: https://www.hindustantimes.com/opinion/how-the-aap-lost-its-plot-and-office-in-delhi-101739028604070.html
2025-04-14 07:40:36,217 - INFO - Successfully extracted 756 words.
2025-04-14 07:40:37,453 - INFO - Processing 133/156: HindusanTimes - column: https://www.hindustantimes.com/opinion/what-explains-the-big-bjp-win-in-the-capital-101739028597471.html
2025-04-14 07:40:38,054 - INFO - Successfully extracted 888 words.
2025-04-14 07:40:40,150 - INFO - Processing 134/156: Mint - column: https://www.livemint.com/opinion/online-views/delhi-middle-class-voters-bjp-won-election-narendra-modi-arvind-kejriwal-aap-atishi-bjp-mlas-parvesh-verma-kalkaji-11739171710891.html
2025-04-14 07:40:40,910 - INFO - Successfully extracted 795 words.
2025-04-14 07:40:43,175 - INFO - Processing 135/156: Mint - column: https://www.livemint.com/opinion/online-views/delhi-election-result-aap-aam-aadmi-party-bjp-bharatiya-janata-party-arvind-kejriwal-atishi-new-cm-narendra-modi-lose-11739096797275.html
2025-04-14 07:40:43,664 - INFO - Successfully extracted 211 words.
2025-04-14 07:40:45,325 - INFO - Processing 136/156: BusinessStandard - column: https://www.business-standard.com/opinion/editorial/now-to-governance-delhi-s-new-govt-has-opportunity-to-deliver-seamlessly-125022001340_1.html
2025-04-14 07:40:46,037 - INFO - Successfully extracted 100 words.
2025-04-14 07:40:47,657 - INFO - Processing 137/156: BusinessStandard - column: https://www.business-standard.com/politics/aap-govt-s-delhi-excise-policy-caused-rs-2-000-crore-loss-cag-report-125022501224_1.html
2025-04-14 07:40:47,931 - WARNING - No text extracted from article: https://www.business-standard.com/politics/aap-govt-s-delhi-excise-policy-caused-rs-2-000-crore-loss-cag-report-125022501224_1.html
2025-04-14 07:40:50,188 - INFO - Processing 138/156: BusinessStandard - column: https://www.business-standard.com/politics/delhi-assembly-session-aap-mlas-atishi-suspend-vijender-gupta-cag-report-125022500299_1.html
2025-04-14 07:40:50,576 - WARNING - No text extracted from article: https://www.business-standard.com/politics/delhi-assembly-session-aap-mlas-atishi-suspend-vijender-gupta-cag-report-125022500299_1.html
2025-04-14 07:40:51,746 - INFO - Processing 139/156: BusinessStandard - column: https://www.business-standard.com/india-news/first-session-of-delhi-s-8th-assembly-begins-post-bjp-s-return-to-power-125022400297_1.html
2025-04-14 07:40:52,112 - WARNING - No text extracted from article: https://www.business-standard.com/india-news/first-session-of-delhi-s-8th-assembly-begins-post-bjp-s-return-to-power-125022400297_1.html
2025-04-14 07:40:54,547 - INFO - Processing 140/156: BusinessStandard - column: https://www.business-standard.com/india-news/rekha-gupta-delhi-cm-bjp-aap-atishi-exchequer-rs-2500-monthly-scheme-women-125022400205_1.html
2025-04-14 07:40:54,877 - WARNING - No text extracted from article: https://www.business-standard.com/india-news/rekha-gupta-delhi-cm-bjp-aap-atishi-exchequer-rs-2500-monthly-scheme-women-125022400205_1.html
2025-04-14 07:40:57,191 - INFO - Processing 141/156: BusinessStandard - column: https://www.business-standard.com/india-news/latest-live-elon-musk-gives-federal-workers-2-days-to-justify-their-jobs-or-risk-dismissal-125022300076_1.html
2025-04-14 07:40:57,468 - WARNING - No text extracted from article: https://www.business-standard.com/india-news/latest-live-elon-musk-gives-federal-workers-2-days-to-justify-their-jobs-or-risk-dismissal-125022300076_1.html
2025-04-14 07:40:59,932 - INFO - Processing 142/156: BusinessStandard - column: https://www.business-standard.com/india-news/delhi-cm-rekha-gupta-holds-meeting-with-pm-modi-at-his-residence-today-125022200378_1.html
2025-04-14 07:41:00,186 - WARNING - No text extracted from article: https://www.business-standard.com/india-news/delhi-cm-rekha-gupta-holds-meeting-with-pm-modi-at-his-residence-today-125022200378_1.html
2025-04-14 07:41:01,891 - INFO - Processing 143/156: BusinessStandard - column: https://www.business-standard.com/politics/delhi-cm-rekha-gupta-meets-president-droupadi-murmu-at-rashtrapati-bhavan-125022100658_1.html
2025-04-14 07:41:02,248 - WARNING - No text extracted from article: https://www.business-standard.com/politics/delhi-cm-rekha-gupta-meets-president-droupadi-murmu-at-rashtrapati-bhavan-125022100658_1.html
2025-04-14 07:41:03,620 - INFO - Processing 144/156: BusinessStandard - column: https://www.business-standard.com/india-news/delhi-cm-rekha-gupta-slams-aap-congress-on-bjp-promises-125022100575_1.html
2025-04-14 07:41:03,989 - WARNING - No text extracted from article: https://www.business-standard.com/india-news/delhi-cm-rekha-gupta-slams-aap-congress-on-bjp-promises-125022100575_1.html
2025-04-14 07:41:06,049 - INFO - Processing 145/156: BusinessStandard - column: https://www.business-standard.com/politics/cong-aap-didn-t-address-issues-of-delhi-we-did-so-on-day-one-rekha-gupta-125022100449_1.html
2025-04-14 07:41:06,437 - WARNING - No text extracted from article: https://www.business-standard.com/politics/cong-aap-didn-t-address-issues-of-delhi-we-did-so-on-day-one-rekha-gupta-125022100449_1.html
2025-04-14 07:41:07,678 - INFO - Processing 146/156: BusinessStandard - column: https://www.business-standard.com/politics/mayawati-accuses-congress-of-being-bjp-s-b-team-in-delhi-elections-125022100270_1.html
2025-04-14 07:41:08,304 - WARNING - No text extracted from article: https://www.business-standard.com/politics/mayawati-accuses-congress-of-being-bjp-s-b-team-in-delhi-elections-125022100270_1.html
2025-04-14 07:41:09,858 - INFO - Processing 147/156: BusinessStandard - column: https://www.business-standard.com/india-news/we-have-called-meeting-with-pwd-jal-board-officials-today-delhi-cm-gupta-125022100152_1.html
2025-04-14 07:41:10,128 - WARNING - No text extracted from article: https://www.business-standard.com/india-news/we-have-called-meeting-with-pwd-jal-board-officials-today-delhi-cm-gupta-125022100152_1.html
2025-04-14 07:41:11,899 - INFO - Processing 148/156: BusinessStandard - column: https://www.business-standard.com/politics/rekha-gupta-sworn-in-as-delhi-cm-bjp-s-delhi-dream-takes-shape-125022001427_1.html
2025-04-14 07:41:12,302 - WARNING - No text extracted from article: https://www.business-standard.com/politics/rekha-gupta-sworn-in-as-delhi-cm-bjp-s-delhi-dream-takes-shape-125022001427_1.html
2025-04-14 07:41:14,359 - WARNING - Skipping duplicate link: https://www.business-standard.com/opinion/editorial/now-to-governance-delhi-s-new-govt-has-opportunity-to-deliver-seamlessly-125022001340_1.html
2025-04-14 07:41:14,360 - INFO - Processing 150/156: BusinessStandard - column: https://www.business-standard.com/india-news/delhi-portfolios-rekha-gupta-keeps-finance-parvesh-verma-gets-pwd-water-125022001324_1.html
2025-04-14 07:41:14,743 - WARNING - No text extracted from article: https://www.business-standard.com/india-news/delhi-portfolios-rekha-gupta-keeps-finance-parvesh-verma-gets-pwd-water-125022001324_1.html
2025-04-14 07:41:17,242 - INFO - Processing 151/156: BusinessStandard - column: https://www.business-standard.com/india-news/delhi-cm-rekha-gupta-ministers-perform-yamuna-aarti-at-vasudev-ghat-125022001067_1.html
2025-04-14 07:41:17,615 - WARNING - No text extracted from article: https://www.business-standard.com/india-news/delhi-cm-rekha-gupta-ministers-perform-yamuna-aarti-at-vasudev-ghat-125022001067_1.html
2025-04-14 07:41:18,733 - INFO - Processing 152/156: BusinessStandard - column: https://www.business-standard.com/politics/rekha-gupta-s-cabinet-ensures-diverse-representation-in-delhi-govt-125022001030_1.html
2025-04-14 07:41:18,997 - WARNING - No text extracted from article: https://www.business-standard.com/politics/rekha-gupta-s-cabinet-ensures-diverse-representation-in-delhi-govt-125022001030_1.html
2025-04-14 07:41:21,415 - INFO - Processing 153/156: BusinessStandard - column: https://www.business-standard.com/india-news/delhi-cm-rekha-gupta-to-assume-office-chair-first-cabinet-meeting-today-125022000650_1.html
2025-04-14 07:41:21,709 - WARNING - No text extracted from article: https://www.business-standard.com/india-news/delhi-cm-rekha-gupta-to-assume-office-chair-first-cabinet-meeting-today-125022000650_1.html
2025-04-14 07:41:23,065 - INFO - Processing 154/156: BusinessStandard - column: https://www.business-standard.com/politics/rekha-gupta-delhi-cm-oath-taking-parvesh-verma-kapil-mishra-bjp-nda-125022000501_1.html
2025-04-14 07:41:23,304 - WARNING - No text extracted from article: https://www.business-standard.com/politics/rekha-gupta-delhi-cm-oath-taking-parvesh-verma-kapil-mishra-bjp-nda-125022000501_1.html
2025-04-14 07:41:25,046 - INFO - Processing 155/156: BusinessStandard - column: https://www.business-standard.com/politics/as-bjp-makes-a-comeback-in-delhi-after-27-years-challenges-await-new-govt-125022000414_1.html
2025-04-14 07:41:25,388 - WARNING - No text extracted from article: https://www.business-standard.com/politics/as-bjp-makes-a-comeback-in-delhi-after-27-years-challenges-await-new-govt-125022000414_1.html
2025-04-14 07:41:26,794 - INFO - Processing 156/156: BusinessStandard - column: https://www.business-standard.com/india-news/rekha-gupta-delhi-cm-cabinet-parvesh-verma-kapil-mishra-manjinder-sirsa-125022000228_1.html
2025-04-14 07:41:27,105 - WARNING - No text extracted from article: https://www.business-standard.com/india-news/rekha-gupta-delhi-cm-cabinet-parvesh-verma-kapil-mishra-manjinder-sirsa-125022000228_1.html
2025-04-14 07:41:28,670 - INFO - Data collection complete. 129 articles saved to D:\Ashoka\Monsoon 2024\New Geography of the Infortmation Age\Project\media_bias\data\articles.csv
2025-04-14 07:41:28,670 - INFO - --- Finished Article Scraping ---
